<?xml version="1.0" encoding="UTF-8"?>
<!-- Generated by org.testng.reporters.JUnitReportReporter -->
<testsuite hostname="LTIN497038" failures="0" tests="5" name="TestRunner.TestRunner" time="193.803" errors="0" timestamp="2025-07-17T17:17:55 IST" skipped="0">
  <testcase classname="TestRunner.TestRunner" name="runScenario" time="29.201"/>
  <testcase classname="TestRunner.TestRunner" name="runScenario" time="80.532"/>
  <testcase classname="TestRunner.TestRunner" name="runScenario" time="11.784"/>
  <testcase classname="TestRunner.TestRunner" name="runScenario" time="60.815"/>
  <testcase classname="TestRunner.TestRunner" name="runScenario" time="11.471"/>
</testsuite> <!-- TestRunner.TestRunner -->
